<?xml version="1.0" encoding="UTF-8"?>
<coverage generated="1696490317632" clover="3.2.0">
  <project timestamp="1696490317632" name="All files">
    <metrics statements="24" coveredstatements="21" conditionals="12" coveredconditionals="11" methods="7" coveredmethods="6" elements="43" coveredelements="38" complexity="0" loc="24" ncloc="24" packages="1" files="3" classes="3"/>
    <file name="EnumData.ts" path="E:\webPre\npmPre\src\EnumData.ts">
      <metrics statements="18" coveredstatements="15" conditionals="8" coveredconditionals="7" methods="4" coveredmethods="3"/>
      <line num="37" count="5" type="stmt"/>
      <line num="38" count="5" type="stmt"/>
      <line num="39" count="5" type="stmt"/>
      <line num="40" count="14" type="stmt"/>
      <line num="41" count="14" type="stmt"/>
      <line num="44" count="5" type="stmt"/>
      <line num="46" count="7" type="cond" truecount="2" falsecount="0"/>
      <line num="47" count="1" type="stmt"/>
      <line num="49" count="6" type="cond" truecount="2" falsecount="0"/>
      <line num="50" count="2" type="stmt"/>
      <line num="54" count="4" type="cond" truecount="2" falsecount="0"/>
      <line num="55" count="3" type="cond" truecount="1" falsecount="1"/>
      <line num="56" count="3" type="stmt"/>
      <line num="58" count="0" type="stmt"/>
      <line num="60" count="1" type="stmt"/>
      <line num="64" count="0" type="stmt"/>
      <line num="65" count="0" type="stmt"/>
      <line num="68" count="5" type="stmt"/>
    </file>
    <file name="index.ts" path="E:\webPre\npmPre\src\index.ts">
      <metrics statements="0" coveredstatements="0" conditionals="0" coveredconditionals="0" methods="0" coveredmethods="0"/>
    </file>
    <file name="type.ts" path="E:\webPre\npmPre\src\type.ts">
      <metrics statements="6" coveredstatements="6" conditionals="4" coveredconditionals="4" methods="3" coveredmethods="3"/>
      <line num="1" count="2" type="stmt"/>
      <line num="11" count="12" type="cond" truecount="2" falsecount="0"/>
      <line num="12" count="2" type="cond" truecount="2" falsecount="0"/>
      <line num="14" count="10" type="stmt"/>
      <line num="25" count="3" type="stmt"/>
      <line num="36" count="2" type="stmt"/>
    </file>
  </project>
</coverage>
