{"E:\\webPre\\npmPre\\src\\toUnicode.ts": {"path":"E:\\webPre\\npmPre\\src\\toUnicode.ts","statementMap":{"0":{"start":{"line":16,"column":12},"end":{"line":16,"column":60}},"1":{"start":{"line":17,"column":1},"end":{"line":19,"column":2}},"2":{"start":{"line":18,"column":2},"end":{"line":18,"column":19}},"3":{"start":{"line":20,"column":1},"end":{"line":20,"column":20}},"4":{"start":{"line":37,"column":1},"end":{"line":39,"column":2}},"5":{"start":{"line":38,"column":2},"end":{"line":38,"column":11}},"6":{"start":{"line":41,"column":1},"end":{"line":45,"column":2}},"7":{"start":{"line":43,"column":23},"end":{"line":43,"column":57}}},"fnMap":{"0":{"name":"toUnicodeAt","decl":{"start":{"line":15,"column":16},"end":{"line":15,"column":27}},"loc":{"start":{"line":15,"column":60},"end":{"line":21,"column":1}},"line":15},"1":{"name":"toUnicode","decl":{"start":{"line":36,"column":16},"end":{"line":36,"column":25}},"loc":{"start":{"line":36,"column":39},"end":{"line":46,"column":1}},"line":36},"2":{"name":"(anonymous_2)","decl":{"start":{"line":43,"column":2},"end":{"line":43,"column":3}},"loc":{"start":{"line":43,"column":23},"end":{"line":43,"column":57}},"line":43}},"branchMap":{"0":{"loc":{"start":{"line":15,"column":41},"end":{"line":15,"column":58}},"type":"default-arg","locations":[{"start":{"line":15,"column":57},"end":{"line":15,"column":58}}],"line":15},"1":{"loc":{"start":{"line":37,"column":1},"end":{"line":39,"column":2}},"type":"if","locations":[{"start":{"line":37,"column":1},"end":{"line":39,"column":2}},{"start":{"line":37,"column":1},"end":{"line":39,"column":2}}],"line":37}},"s":{"0":5,"1":5,"2":10,"3":5,"4":1,"5":0,"6":1,"7":3},"f":{"0":5,"1":1,"2":3},"b":{"0":[1],"1":[0,1]},"_coverageSchema":"43e27e138ebf9cfc5966b082cf9a028302ed4184","hash":"3d1a3c59fd84cc3b3d599dcacea52ebfd088c998"}
,"E:\\webPre\\npmPre\\src\\type.ts": {"path":"E:\\webPre\\npmPre\\src\\type.ts","statementMap":{"0":{"start":{"line":1,"column":21},"end":{"line":1,"column":37}},"1":{"start":{"line":11,"column":2},"end":{"line":13,"column":3}},"2":{"start":{"line":12,"column":4},"end":{"line":12,"column":71}},"3":{"start":{"line":14,"column":2},"end":{"line":14,"column":29}},"4":{"start":{"line":25,"column":2},"end":{"line":25,"column":44}},"5":{"start":{"line":36,"column":2},"end":{"line":36,"column":44}}},"fnMap":{"0":{"name":"getTag","decl":{"start":{"line":10,"column":16},"end":{"line":10,"column":22}},"loc":{"start":{"line":10,"column":44},"end":{"line":15,"column":1}},"line":10},"1":{"name":"isNumber","decl":{"start":{"line":24,"column":16},"end":{"line":24,"column":24}},"loc":{"start":{"line":24,"column":47},"end":{"line":26,"column":1}},"line":24},"2":{"name":"isString","decl":{"start":{"line":35,"column":16},"end":{"line":35,"column":24}},"loc":{"start":{"line":35,"column":47},"end":{"line":37,"column":1}},"line":35}},"branchMap":{"0":{"loc":{"start":{"line":11,"column":2},"end":{"line":13,"column":3}},"type":"if","locations":[{"start":{"line":11,"column":2},"end":{"line":13,"column":3}},{"start":{"line":11,"column":2},"end":{"line":13,"column":3}}],"line":11},"1":{"loc":{"start":{"line":12,"column":11},"end":{"line":12,"column":71}},"type":"cond-expr","locations":[{"start":{"line":12,"column":33},"end":{"line":12,"column":53}},{"start":{"line":12,"column":56},"end":{"line":12,"column":71}}],"line":12}},"s":{"0":1,"1":12,"2":2,"3":10,"4":3,"5":2},"f":{"0":12,"1":3,"2":2},"b":{"0":[2,10],"1":[1,1]},"_coverageSchema":"43e27e138ebf9cfc5966b082cf9a028302ed4184","hash":"66ccc2bb844b93645b38688219f64b95aeb9e530"}
}
