{"E:\\webPre\\npmPre\\src\\add.ts": {"path":"E:\\webPre\\npmPre\\src\\add.ts","statementMap":{"0":{"start":{"line":7,"column":19},"end":{"line":9,"column":1}},"1":{"start":{"line":8,"column":2},"end":{"line":8,"column":14}},"2":{"start":{"line":10,"column":30},"end":{"line":12,"column":1}},"3":{"start":{"line":11,"column":2},"end":{"line":11,"column":14}}},"fnMap":{"0":{"name":"(anonymous_0)","decl":{"start":{"line":7,"column":19},"end":{"line":7,"column":20}},"loc":{"start":{"line":7,"column":37},"end":{"line":9,"column":1}},"line":7},"1":{"name":"(anonymous_1)","decl":{"start":{"line":10,"column":30},"end":{"line":10,"column":31}},"loc":{"start":{"line":10,"column":48},"end":{"line":12,"column":1}},"line":10}},"branchMap":{},"s":{"0":1,"1":1,"2":1,"3":1},"f":{"0":1,"1":1},"b":{},"_coverageSchema":"43e27e138ebf9cfc5966b082cf9a028302ed4184","hash":"17374da2745b0cbfe4bc0a12e8025cbfbd81d992"}
,"E:\\webPre\\npmPre\\src\\hello.ts": {"path":"E:\\webPre\\npmPre\\src\\hello.ts","statementMap":{"0":{"start":{"line":6,"column":25},"end":{"line":8,"column":1}},"1":{"start":{"line":7,"column":2},"end":{"line":7,"column":23}}},"fnMap":{"0":{"name":"(anonymous_0)","decl":{"start":{"line":6,"column":25},"end":{"line":6,"column":26}},"loc":{"start":{"line":6,"column":42},"end":{"line":8,"column":1}},"line":6}},"branchMap":{},"s":{"0":1,"1":1},"f":{"0":1},"b":{},"_coverageSchema":"43e27e138ebf9cfc5966b082cf9a028302ed4184","hash":"26672ea1ef935a6002e1bf97b9ae338e7238f6a9"}
,"E:\\webPre\\npmPre\\src\\type.ts": {"path":"E:\\webPre\\npmPre\\src\\type.ts","statementMap":{"0":{"start":{"line":1,"column":21},"end":{"line":1,"column":37}},"1":{"start":{"line":11,"column":2},"end":{"line":13,"column":3}},"2":{"start":{"line":12,"column":4},"end":{"line":12,"column":71}},"3":{"start":{"line":14,"column":2},"end":{"line":14,"column":29}},"4":{"start":{"line":25,"column":2},"end":{"line":25,"column":44}},"5":{"start":{"line":36,"column":2},"end":{"line":36,"column":44}}},"fnMap":{"0":{"name":"getTag","decl":{"start":{"line":10,"column":16},"end":{"line":10,"column":22}},"loc":{"start":{"line":10,"column":44},"end":{"line":15,"column":1}},"line":10},"1":{"name":"isNumber","decl":{"start":{"line":24,"column":16},"end":{"line":24,"column":24}},"loc":{"start":{"line":24,"column":47},"end":{"line":26,"column":1}},"line":24},"2":{"name":"isString","decl":{"start":{"line":35,"column":16},"end":{"line":35,"column":24}},"loc":{"start":{"line":35,"column":47},"end":{"line":37,"column":1}},"line":35}},"branchMap":{"0":{"loc":{"start":{"line":11,"column":2},"end":{"line":13,"column":3}},"type":"if","locations":[{"start":{"line":11,"column":2},"end":{"line":13,"column":3}},{"start":{"line":11,"column":2},"end":{"line":13,"column":3}}],"line":11},"1":{"loc":{"start":{"line":12,"column":11},"end":{"line":12,"column":71}},"type":"cond-expr","locations":[{"start":{"line":12,"column":33},"end":{"line":12,"column":53}},{"start":{"line":12,"column":56},"end":{"line":12,"column":71}}],"line":12}},"s":{"0":1,"1":12,"2":2,"3":10,"4":3,"5":2},"f":{"0":12,"1":3,"2":2},"b":{"0":[2,10],"1":[1,1]},"_coverageSchema":"43e27e138ebf9cfc5966b082cf9a028302ed4184","hash":"66ccc2bb844b93645b38688219f64b95aeb9e530"}
}
