TN:
SF:E:\webPre\npmPre\src\toUnicode.ts
FN:15,toUnicodeAt
FN:36,toUnicode
FN:43,(anonymous_2)
FNF:3
FNH:3
FNDA:5,toUnicodeAt
FNDA:1,toUnicode
FNDA:3,(anonymous_2)
DA:16,5
DA:17,5
DA:18,10
DA:20,5
DA:37,1
DA:38,0
DA:41,1
DA:43,3
LF:8
LH:7
BRDA:15,0,0,1
BRDA:37,1,0,0
BRDA:37,1,1,1
BRF:3
BRH:2
end_of_record
TN:
SF:E:\webPre\npmPre\src\type.ts
FN:10,getTag
FN:24,isNumber
FN:35,isString
FNF:3
FNH:3
FNDA:12,getTag
FNDA:3,isNumber
FNDA:2,isString
DA:1,1
DA:11,12
DA:12,2
DA:14,10
DA:25,3
DA:36,2
LF:6
LH:6
BRDA:11,0,0,2
BRDA:11,0,1,10
BRDA:12,1,0,1
BRDA:12,1,1,1
BRF:4
BRH:4
end_of_record
