TN:
SF:E:\webPre\npmPre\src\EnumData.ts
FN:36,EnumData
FN:39,(anonymous_1)
FN:45,(anonymous_2)
FN:62,(anonymous_3)
FNF:4
FNH:3
FNDA:5,EnumData
FNDA:14,(anonymous_1)
FNDA:7,(anonymous_2)
FNDA:0,(anonymous_3)
DA:37,5
DA:38,5
DA:39,5
DA:40,14
DA:41,14
DA:44,5
DA:46,7
DA:47,1
DA:49,6
DA:50,2
DA:54,4
DA:55,3
DA:56,3
DA:58,0
DA:60,1
DA:64,0
DA:65,0
DA:68,5
LF:18
LH:15
BRDA:46,0,0,1
BRDA:46,0,1,6
BRDA:49,1,0,2
BRDA:49,1,1,4
BRDA:54,2,0,3
BRDA:54,2,1,1
BRDA:55,3,0,3
BRDA:55,3,1,0
BRF:8
BRH:7
end_of_record
TN:
SF:E:\webPre\npmPre\src\index.ts
FNF:0
FNH:0
LF:0
LH:0
BRF:0
BRH:0
end_of_record
TN:
SF:E:\webPre\npmPre\src\type.ts
FN:10,getTag
FN:24,isNumber
FN:35,isString
FNF:3
FNH:3
FNDA:12,getTag
FNDA:3,isNumber
FNDA:2,isString
DA:1,2
DA:11,12
DA:12,2
DA:14,10
DA:25,3
DA:36,2
LF:6
LH:6
BRDA:11,0,0,2
BRDA:11,0,1,10
BRDA:12,1,0,1
BRDA:12,1,1,1
BRF:4
BRH:4
end_of_record
